<?xml version="1.0" encoding="UTF-8"?>
<!-- Generated by org.testng.reporters.JUnitReportReporter -->
<testsuite hostname="SQA21049" name="estimates.DashBoardTest" tests="1" failures="0" timestamp="11 Oct 2021 11:11:54 GMT" time="8.938" errors="0">
  <testcase name="LoginTest" time="8.938" classname="estimates.DashBoardTest"/>
</testsuite> <!-- estimates.DashBoardTest -->
