<?xml version="1.0" encoding="UTF-8"?>
<!-- Generated by org.testng.reporters.JUnitReportReporter -->
<testsuite hostname="SQA21049" name="estimates.LoginPageTest" tests="1" failures="0" timestamp="11 Oct 2021 11:11:54 GMT" time="5.215" errors="0">
  <testcase name="LoginTest" time="5.215" classname="estimates.LoginPageTest"/>
</testsuite> <!-- estimates.LoginPageTest -->
