<?xml version="1.0" encoding="UTF-8"?>
<!-- Generated by org.testng.reporters.JUnitReportReporter -->
<testsuite hostname="SQA21049" failures="0" tests="1" name="estimates.DashBoardTest" time="4.203" errors="0" timestamp="2021-10-20T16:34:57 BST" skipped="0">
  <testcase classname="estimates.DashBoardTest" name="LoginTest" time="4.203"/>
  <system-out/>
</testsuite> <!-- estimates.DashBoardTest -->
